<?xml version="1.0" encoding="UTF-8"?>
<testng-results ignored="0" total="1" passed="1" failed="0" skipped="0">
  <reporter-output>
  </reporter-output>
  <suite started-at="2022-11-25T13:09:56 IST" name="Default suite" finished-at="2022-11-25T13:10:06 IST" duration-ms="9550">
    <groups>
    </groups>
    <test started-at="2022-11-25T13:09:56 IST" name="Default test" finished-at="2022-11-25T13:10:06 IST" duration-ms="9550">
      <class name="ninjaTestCases.Login_TC">
        <test-method signature="login()[pri:0, instance:ninjaTestCases.Login_TC@18df8434]" started-at="2022-11-25T13:09:56 IST" name="login" finished-at="2022-11-25T13:10:06 IST" duration-ms="9496" status="PASS">
          <reporter-output>
          </reporter-output>
        </test-method> <!-- login -->
      </class> <!-- ninjaTestCases.Login_TC -->
    </test> <!-- Default test -->
  </suite> <!-- Default suite -->
</testng-results>
