<?xml version="1.0" encoding="UTF-8"?>
<testng-results ignored="0" total="1" passed="1" failed="0" skipped="0">
  <reporter-output>
  </reporter-output>
  <suite started-at="2022-11-25T10:44:41 IST" name="Default suite" finished-at="2022-11-25T10:44:46 IST" duration-ms="5169">
    <groups>
    </groups>
    <test started-at="2022-11-25T10:44:41 IST" name="Default test" finished-at="2022-11-25T10:44:46 IST" duration-ms="5169">
      <class name="ninjaTestCases.Login_TC">
        <test-method signature="login()[pri:0, instance:ninjaTestCases.Login_TC@791f145a]" started-at="2022-11-25T10:44:41 IST" name="login" finished-at="2022-11-25T10:44:46 IST" duration-ms="5106" status="PASS">
          <reporter-output>
          </reporter-output>
        </test-method> <!-- login -->
      </class> <!-- ninjaTestCases.Login_TC -->
    </test> <!-- Default test -->
  </suite> <!-- Default suite -->
</testng-results>
